<?xml version="1.0" encoding="UTF-8"?>
<!-- Generated by org.testng.reporters.JUnitXMLReporter -->
<testsuite hostname="SYSTEM-72" ignored="15" name="Test" tests="1" failures="0" timestamp="27 Dec 2019 07:25:54 GMT" time="21.371" errors="0">
  <testcase name="AddAndVerifyEligibility" time="4.938" classname="com.lnitest.LniTest"/>
  <testcase name="verifyDurationEditboxBlankError" time="0.0" classname="com.lnitest.LniTest">
    <ignored/>
  </testcase> <!-- verifyDurationEditboxBlankError -->
  <testcase name="modifyLniDetailsAndVerify" time="0.0" classname="com.lnitest.LniTest">
    <ignored/>
  </testcase> <!-- modifyLniDetailsAndVerify -->
  <testcase name="verifyLniTitleBlankError" time="0.0" classname="com.lnitest.LniTest">
    <ignored/>
  </testcase> <!-- verifyLniTitleBlankError -->
  <testcase name="validatePriorityBlankError" time="0.0" classname="com.lnitest.LniTest">
    <ignored/>
  </testcase> <!-- validatePriorityBlankError -->
  <testcase name="verifyProjectNameBlankError" time="0.0" classname="com.lnitest.LniTest">
    <ignored/>
  </testcase> <!-- verifyProjectNameBlankError -->
  <testcase name="verifyLearningNeedDescriptionBlankError" time="0.0" classname="com.lnitest.LniTest">
    <ignored/>
  </testcase> <!-- verifyLearningNeedDescriptionBlankError -->
  <testcase name="checkCurrentExpertiseBlankError" time="0.0" classname="com.lnitest.LniTest">
    <ignored/>
  </testcase> <!-- checkCurrentExpertiseBlankError -->
  <testcase name="verifyPeopleEditboxBlankError" time="0.0" classname="com.lnitest.LniTest">
    <ignored/>
  </testcase> <!-- verifyPeopleEditboxBlankError -->
  <testcase name="verifyLearningTypeBlankError" time="0.0" classname="com.lnitest.LniTest">
    <ignored/>
  </testcase> <!-- verifyLearningTypeBlankError -->
  <testcase name="approveLNIRequest" time="0.0" classname="com.lnitest.LniTest">
    <ignored/>
  </testcase> <!-- approveLNIRequest -->
  <testcase name="verifySponsorerBlankErr" time="0.0" classname="com.lnitest.LniTest">
    <ignored/>
  </testcase> <!-- verifySponsorerBlankErr -->
  <testcase name="validateClassificationBlankError" time="0.0" classname="com.lnitest.LniTest">
    <ignored/>
  </testcase> <!-- validateClassificationBlankError -->
  <testcase name="verifyProjectCodeBlankError" time="0.0" classname="com.lnitest.LniTest">
    <ignored/>
  </testcase> <!-- verifyProjectCodeBlankError -->
  <testcase name="view_Lni_SummaryAndVerify" time="0.0" classname="com.lnitest.LniTest">
    <ignored/>
  </testcase> <!-- view_Lni_SummaryAndVerify -->
  <testcase name="submitLniFormAndVerify" time="0.0" classname="com.lnitest.LniTest">
    <ignored/>
  </testcase> <!-- submitLniFormAndVerify -->
</testsuite> <!-- Test -->
