<?xml version="1.0" encoding="UTF-8"?>
<!-- Generated by org.testng.reporters.JUnitXMLReporter -->
<testsuite hostname="SYSTEM-72" ignored="15" name="Test" tests="1" failures="1" timestamp="16 Jan 2020 13:35:58 GMT" time="65.432" errors="0">
  <testcase name="submitLNIAndpproveRequest" time="47.669" classname="com.lnitest.LniTest">
    <failure type="java.lang.AssertionError" message="expected [Transaction is Approved.] but found []">
      <![CDATA[java.lang.AssertionError: expected [Transaction is Approved.] but found []
at com.lnitest.LniTest.submitLNIAndpproveRequest(LniTest.java:1287)
... Removed 31 stack frames]]>
    </failure>
  </testcase> <!-- submitLNIAndpproveRequest -->
  <testcase name="verifyDurationEditboxBlankError" time="0.0" classname="com.lnitest.LniTest">
    <ignored/>
  </testcase> <!-- verifyDurationEditboxBlankError -->
  <testcase name="modifyLniDetailsAndVerify" time="0.0" classname="com.lnitest.LniTest">
    <ignored/>
  </testcase> <!-- modifyLniDetailsAndVerify -->
  <testcase name="verifyLniTitleBlankError" time="0.0" classname="com.lnitest.LniTest">
    <ignored/>
  </testcase> <!-- verifyLniTitleBlankError -->
  <testcase name="validatePriorityBlankError" time="0.0" classname="com.lnitest.LniTest">
    <ignored/>
  </testcase> <!-- validatePriorityBlankError -->
  <testcase name="verifyProjectNameBlankError" time="0.0" classname="com.lnitest.LniTest">
    <ignored/>
  </testcase> <!-- verifyProjectNameBlankError -->
  <testcase name="verifyLearningNeedDescriptionBlankError" time="0.0" classname="com.lnitest.LniTest">
    <ignored/>
  </testcase> <!-- verifyLearningNeedDescriptionBlankError -->
  <testcase name="checkCurrentExpertiseBlankError" time="0.0" classname="com.lnitest.LniTest">
    <ignored/>
  </testcase> <!-- checkCurrentExpertiseBlankError -->
  <testcase name="verifyLearningTypeBlankError" time="0.0" classname="com.lnitest.LniTest">
    <ignored/>
  </testcase> <!-- verifyLearningTypeBlankError -->
  <testcase name="verifyPeopleEditboxBlankError" time="0.0" classname="com.lnitest.LniTest">
    <ignored/>
  </testcase> <!-- verifyPeopleEditboxBlankError -->
  <testcase name="verifySponsorerBlankErr" time="0.0" classname="com.lnitest.LniTest">
    <ignored/>
  </testcase> <!-- verifySponsorerBlankErr -->
  <testcase name="validateClassificationBlankError" time="0.0" classname="com.lnitest.LniTest">
    <ignored/>
  </testcase> <!-- validateClassificationBlankError -->
  <testcase name="verifyProjectCodeBlankError" time="0.0" classname="com.lnitest.LniTest">
    <ignored/>
  </testcase> <!-- verifyProjectCodeBlankError -->
  <testcase name="view_Lni_SummaryAndVerify" time="0.0" classname="com.lnitest.LniTest">
    <ignored/>
  </testcase> <!-- view_Lni_SummaryAndVerify -->
  <testcase name="AddAndVerifyEligibility" time="0.0" classname="com.lnitest.LniTest">
    <ignored/>
  </testcase> <!-- AddAndVerifyEligibility -->
  <testcase name="submitLniFormAndVerify" time="0.0" classname="com.lnitest.LniTest">
    <ignored/>
  </testcase> <!-- submitLniFormAndVerify -->
</testsuite> <!-- Test -->
