<?xml version="1.0" encoding="UTF-8"?>
<!-- Generated by org.testng.reporters.JUnitXMLReporter -->
<testsuite hostname="SYSTEM-72" ignored="1" name="Test" tests="13" failures="0" timestamp="25 Dec 2019 14:52:19 GMT" time="253.557" errors="0">
  <testcase name="submitLniFormAndVerify" time="20.528" classname="com.lnitest.LniTest"/>
  <testcase name="checkCurrentExpertiseBlankError" time="17.314" classname="com.lnitest.LniTest"/>
  <testcase name="validateClassificationBlankError" time="17.357" classname="com.lnitest.LniTest"/>
  <testcase name="validatePriorityBlankError" time="17.47" classname="com.lnitest.LniTest"/>
  <testcase name="verifyDurationEditboxBlankError" time="17.507" classname="com.lnitest.LniTest"/>
  <testcase name="verifyLearningNeedDescriptionBlankError" time="17.731" classname="com.lnitest.LniTest"/>
  <testcase name="verifyLearningTypeBlankError" time="16.431" classname="com.lnitest.LniTest"/>
  <testcase name="verifyLniTitleBlankError" time="15.148" classname="com.lnitest.LniTest"/>
  <testcase name="verifyPeopleEditboxBlankError" time="17.391" classname="com.lnitest.LniTest"/>
  <testcase name="verifyProjectCodeBlankError" time="17.644" classname="com.lnitest.LniTest"/>
  <testcase name="verifyProjectNameBlankError" time="15.324" classname="com.lnitest.LniTest"/>
  <testcase name="verifySponsorerBlankErr" time="17.628" classname="com.lnitest.LniTest"/>
  <testcase name="view_Lni_SummaryAndVerify" time="8.883" classname="com.lnitest.LniTest"/>
  <testcase name="modifyLniDetailsAndVerify" time="0.0" classname="com.lnitest.LniTest">
    <ignored/>
  </testcase> <!-- modifyLniDetailsAndVerify -->
</testsuite> <!-- Test -->
