<?xml version="1.0" encoding="UTF-8"?>
<!-- Generated by org.testng.reporters.JUnitXMLReporter -->
<testsuite hostname="SYSTEM-72" ignored="0" name="Test" tests="14" failures="1" timestamp="24 Dec 2019 14:44:37 GMT" time="26.314" errors="0">
  <testcase name="@AfterMethod tearDown" time="0.069" classname="lms.genericLibraries.BaseClass">
    <failure type="org.openqa.selenium.ElementClickInterceptedException" message="Element &amp;lt;i class=&amp;quot;material-icons right dropdown-icon &amp;quot;&amp;gt; is not clickable at point (1333,32) because another element &amp;lt;div class=&amp;quot;modal-overlay&amp;quot;&amp;gt; obscures it
Build info: version: &amp;apos;3.141.59&amp;apos;, revision: &amp;apos;e82be7d358&amp;apos;, time: &amp;apos;2018-11-14T08:17:03&amp;apos;
System info: host: &amp;apos;SYSTEM-72&amp;apos;, ip: &amp;apos;10.9.46.161&amp;apos;, os.name: &amp;apos;Windows 10&amp;apos;, os.arch: &amp;apos;amd64&amp;apos;, os.version: &amp;apos;10.0&amp;apos;, java.version: &amp;apos;1.8.0_211&amp;apos;
Driver info: org.openqa.selenium.firefox.FirefoxDriver
Capabilities {acceptInsecureCerts: true, browserName: firefox, browserVersion: 70.0.1, javascriptEnabled: true, moz:accessibilityChecks: false, moz:buildID: 20191030021342, moz:geckodriverVersion: 0.24.0, moz:headless: false, moz:processID: 23716, moz:profile: C:\Users\Prod\AppData\Local..., moz:shutdownTimeout: 60000, moz:useNonSpecCompliantPointerOrigin: false, moz:webdriverClick: true, pageLoadStrategy: normal, platform: WINDOWS, platformName: WINDOWS, platformVersion: 10.0, rotatable: false, setWindowRect: true, strictFileInteractability: false, timeouts: {implicit: 0, pageLoad: 300000, script: 30000}, unhandledPromptBehavior: dismiss and notify}
Session ID: dd09e9a8-0749-4a82-a09b-2f51ed6096a1">
      <![CDATA[org.openqa.selenium.ElementClickInterceptedException: Element <i class="material-icons right dropdown-icon "> is not clickable at point (1333,32) because another element <div class="modal-overlay"> obscures it
Build info: version: '3.141.59', revision: 'e82be7d358', time: '2018-11-14T08:17:03'
System info: host: 'SYSTEM-72', ip: '10.9.46.161', os.name: 'Windows 10', os.arch: 'amd64', os.version: '10.0', java.version: '1.8.0_211'
Driver info: org.openqa.selenium.firefox.FirefoxDriver
Capabilities {acceptInsecureCerts: true, browserName: firefox, browserVersion: 70.0.1, javascriptEnabled: true, moz:accessibilityChecks: false, moz:buildID: 20191030021342, moz:geckodriverVersion: 0.24.0, moz:headless: false, moz:processID: 23716, moz:profile: C:\Users\Prod\AppData\Local..., moz:shutdownTimeout: 60000, moz:useNonSpecCompliantPointerOrigin: false, moz:webdriverClick: true, pageLoadStrategy: normal, platform: WINDOWS, platformName: WINDOWS, platformVersion: 10.0, rotatable: false, setWindowRect: true, strictFileInteractability: false, timeouts: {implicit: 0, pageLoad: 300000, script: 30000}, unhandledPromptBehavior: dismiss and notify}
Session ID: dd09e9a8-0749-4a82-a09b-2f51ed6096a1
at org.openqa.selenium.remote.http.W3CHttpResponseCodec.createException(W3CHttpResponseCodec.java:187)
at org.openqa.selenium.remote.http.W3CHttpResponseCodec.decode(W3CHttpResponseCodec.java:122)
at org.openqa.selenium.remote.http.W3CHttpResponseCodec.decode(W3CHttpResponseCodec.java:49)
at org.openqa.selenium.remote.HttpCommandExecutor.execute(HttpCommandExecutor.java:158)
at org.openqa.selenium.remote.service.DriverCommandExecutor.execute(DriverCommandExecutor.java:83)
at org.openqa.selenium.remote.RemoteWebDriver.execute(RemoteWebDriver.java:552)
at org.openqa.selenium.remote.RemoteWebElement.execute(RemoteWebElement.java:285)
at org.openqa.selenium.remote.RemoteWebElement.click(RemoteWebElement.java:84)
at org.openqa.selenium.support.pagefactory.internal.LocatingElementHandler.invoke(LocatingElementHandler.java:51)
at com.sun.proxy.$Proxy28.click(Unknown Source)
at lms.objectRepository.LoginPage.logOut(LoginPage.java:33)
at lms.genericLibraries.BaseClass.tearDown(BaseClass.java:71)
... Removed 35 stack frames]]>
    </failure>
  </testcase> <!-- @AfterMethod tearDown -->
  <testcase name="@BeforeMethod login" time="0.0" classname="lms.genericLibraries.BaseClass">
    <skipped/>
  </testcase> <!-- @BeforeMethod login -->
  <testcase name="@AfterMethod tearDown" time="0.0" classname="lms.genericLibraries.BaseClass">
    <skipped/>
  </testcase> <!-- @AfterMethod tearDown -->
  <testcase name="@BeforeMethod login" time="0.0" classname="lms.genericLibraries.BaseClass">
    <skipped/>
  </testcase> <!-- @BeforeMethod login -->
  <testcase name="@AfterMethod tearDown" time="0.0" classname="lms.genericLibraries.BaseClass">
    <skipped/>
  </testcase> <!-- @AfterMethod tearDown -->
  <testcase name="@BeforeMethod login" time="0.0" classname="lms.genericLibraries.BaseClass">
    <skipped/>
  </testcase> <!-- @BeforeMethod login -->
  <testcase name="@AfterMethod tearDown" time="0.0" classname="lms.genericLibraries.BaseClass">
    <skipped/>
  </testcase> <!-- @AfterMethod tearDown -->
  <testcase name="@BeforeMethod login" time="0.0" classname="lms.genericLibraries.BaseClass">
    <skipped/>
  </testcase> <!-- @BeforeMethod login -->
  <testcase name="@AfterMethod tearDown" time="0.0" classname="lms.genericLibraries.BaseClass">
    <skipped/>
  </testcase> <!-- @AfterMethod tearDown -->
  <testcase name="@BeforeMethod login" time="0.0" classname="lms.genericLibraries.BaseClass">
    <skipped/>
  </testcase> <!-- @BeforeMethod login -->
  <testcase name="@AfterMethod tearDown" time="0.0" classname="lms.genericLibraries.BaseClass">
    <skipped/>
  </testcase> <!-- @AfterMethod tearDown -->
  <testcase name="@BeforeMethod login" time="0.0" classname="lms.genericLibraries.BaseClass">
    <skipped/>
  </testcase> <!-- @BeforeMethod login -->
  <testcase name="@AfterMethod tearDown" time="0.0" classname="lms.genericLibraries.BaseClass">
    <skipped/>
  </testcase> <!-- @AfterMethod tearDown -->
  <testcase name="@BeforeMethod login" time="0.0" classname="lms.genericLibraries.BaseClass">
    <skipped/>
  </testcase> <!-- @BeforeMethod login -->
  <testcase name="@AfterMethod tearDown" time="0.0" classname="lms.genericLibraries.BaseClass">
    <skipped/>
  </testcase> <!-- @AfterMethod tearDown -->
  <testcase name="@BeforeMethod login" time="0.0" classname="lms.genericLibraries.BaseClass">
    <skipped/>
  </testcase> <!-- @BeforeMethod login -->
  <testcase name="@AfterMethod tearDown" time="0.0" classname="lms.genericLibraries.BaseClass">
    <skipped/>
  </testcase> <!-- @AfterMethod tearDown -->
  <testcase name="@BeforeMethod login" time="0.0" classname="lms.genericLibraries.BaseClass">
    <skipped/>
  </testcase> <!-- @BeforeMethod login -->
  <testcase name="@AfterMethod tearDown" time="0.0" classname="lms.genericLibraries.BaseClass">
    <skipped/>
  </testcase> <!-- @AfterMethod tearDown -->
  <testcase name="@BeforeMethod login" time="0.0" classname="lms.genericLibraries.BaseClass">
    <skipped/>
  </testcase> <!-- @BeforeMethod login -->
  <testcase name="@AfterMethod tearDown" time="0.0" classname="lms.genericLibraries.BaseClass">
    <skipped/>
  </testcase> <!-- @AfterMethod tearDown -->
  <testcase name="@BeforeMethod login" time="0.0" classname="lms.genericLibraries.BaseClass">
    <skipped/>
  </testcase> <!-- @BeforeMethod login -->
  <testcase name="@AfterMethod tearDown" time="0.0" classname="lms.genericLibraries.BaseClass">
    <skipped/>
  </testcase> <!-- @AfterMethod tearDown -->
  <testcase name="@BeforeMethod login" time="0.0" classname="lms.genericLibraries.BaseClass">
    <skipped/>
  </testcase> <!-- @BeforeMethod login -->
  <testcase name="@AfterMethod tearDown" time="0.0" classname="lms.genericLibraries.BaseClass">
    <skipped/>
  </testcase> <!-- @AfterMethod tearDown -->
  <testcase name="@BeforeMethod login" time="0.0" classname="lms.genericLibraries.BaseClass">
    <skipped/>
  </testcase> <!-- @BeforeMethod login -->
  <testcase name="@AfterMethod tearDown" time="0.0" classname="lms.genericLibraries.BaseClass">
    <skipped/>
  </testcase> <!-- @AfterMethod tearDown -->
  <testcase name="@AfterClass closeBrowser" time="0.0" classname="lms.genericLibraries.BaseClass">
    <skipped/>
  </testcase> <!-- @AfterClass closeBrowser -->
  <testcase name="submitLniFormAndVerify" time="16.941" classname="com.lnitest.LniTest">
    <failure type="org.openqa.selenium.ElementNotInteractableException" message="Element &amp;lt;p id=&amp;quot;Error_LNI_Description&amp;quot; class=&amp;quot;Error&amp;quot;&amp;gt; is not reachable by keyboard
Build info: version: &amp;apos;3.141.59&amp;apos;, revision: &amp;apos;e82be7d358&amp;apos;, time: &amp;apos;2018-11-14T08:17:03&amp;apos;
System info: host: &amp;apos;SYSTEM-72&amp;apos;, ip: &amp;apos;10.9.46.161&amp;apos;, os.name: &amp;apos;Windows 10&amp;apos;, os.arch: &amp;apos;amd64&amp;apos;, os.version: &amp;apos;10.0&amp;apos;, java.version: &amp;apos;1.8.0_211&amp;apos;
Driver info: org.openqa.selenium.firefox.FirefoxDriver
Capabilities {acceptInsecureCerts: true, browserName: firefox, browserVersion: 70.0.1, javascriptEnabled: true, moz:accessibilityChecks: false, moz:buildID: 20191030021342, moz:geckodriverVersion: 0.24.0, moz:headless: false, moz:processID: 23716, moz:profile: C:\Users\Prod\AppData\Local..., moz:shutdownTimeout: 60000, moz:useNonSpecCompliantPointerOrigin: false, moz:webdriverClick: true, pageLoadStrategy: normal, platform: WINDOWS, platformName: WINDOWS, platformVersion: 10.0, rotatable: false, setWindowRect: true, strictFileInteractability: false, timeouts: {implicit: 0, pageLoad: 300000, script: 30000}, unhandledPromptBehavior: dismiss and notify}
Session ID: dd09e9a8-0749-4a82-a09b-2f51ed6096a1">
      <![CDATA[org.openqa.selenium.ElementNotInteractableException: Element <p id="Error_LNI_Description" class="Error"> is not reachable by keyboard
Build info: version: '3.141.59', revision: 'e82be7d358', time: '2018-11-14T08:17:03'
System info: host: 'SYSTEM-72', ip: '10.9.46.161', os.name: 'Windows 10', os.arch: 'amd64', os.version: '10.0', java.version: '1.8.0_211'
Driver info: org.openqa.selenium.firefox.FirefoxDriver
Capabilities {acceptInsecureCerts: true, browserName: firefox, browserVersion: 70.0.1, javascriptEnabled: true, moz:accessibilityChecks: false, moz:buildID: 20191030021342, moz:geckodriverVersion: 0.24.0, moz:headless: false, moz:processID: 23716, moz:profile: C:\Users\Prod\AppData\Local..., moz:shutdownTimeout: 60000, moz:useNonSpecCompliantPointerOrigin: false, moz:webdriverClick: true, pageLoadStrategy: normal, platform: WINDOWS, platformName: WINDOWS, platformVersion: 10.0, rotatable: false, setWindowRect: true, strictFileInteractability: false, timeouts: {implicit: 0, pageLoad: 300000, script: 30000}, unhandledPromptBehavior: dismiss and notify}
Session ID: dd09e9a8-0749-4a82-a09b-2f51ed6096a1
at org.openqa.selenium.remote.http.W3CHttpResponseCodec.createException(W3CHttpResponseCodec.java:187)
at org.openqa.selenium.remote.http.W3CHttpResponseCodec.decode(W3CHttpResponseCodec.java:122)
at org.openqa.selenium.remote.http.W3CHttpResponseCodec.decode(W3CHttpResponseCodec.java:49)
at org.openqa.selenium.remote.HttpCommandExecutor.execute(HttpCommandExecutor.java:158)
at org.openqa.selenium.remote.service.DriverCommandExecutor.execute(DriverCommandExecutor.java:83)
at org.openqa.selenium.remote.RemoteWebDriver.execute(RemoteWebDriver.java:552)
at org.openqa.selenium.remote.RemoteWebElement.execute(RemoteWebElement.java:285)
at org.openqa.selenium.remote.RemoteWebElement.sendKeys(RemoteWebElement.java:106)
at org.openqa.selenium.support.pagefactory.internal.LocatingElementHandler.invoke(LocatingElementHandler.java:51)
at com.sun.proxy.$Proxy28.sendKeys(Unknown Source)
at com.lnitest.LniTest.submitLniFormAndVerify(LniTest.java:89)
... Removed 33 stack frames]]>
    </failure>
  </testcase> <!-- submitLniFormAndVerify -->
  <testcase name="checkCurrentExpertiseBlankError" time="0.0" classname="com.lnitest.LniTest">
    <skipped/>
  </testcase> <!-- checkCurrentExpertiseBlankError -->
  <testcase name="modifyLniDetailsAndVerify" time="0.0" classname="com.lnitest.LniTest">
    <skipped/>
  </testcase> <!-- modifyLniDetailsAndVerify -->
  <testcase name="validateClassificationBlankError" time="0.0" classname="com.lnitest.LniTest">
    <skipped/>
  </testcase> <!-- validateClassificationBlankError -->
  <testcase name="validatePriorityBlankError" time="0.0" classname="com.lnitest.LniTest">
    <skipped/>
  </testcase> <!-- validatePriorityBlankError -->
  <testcase name="verifyDurationEditboxBlankError" time="0.0" classname="com.lnitest.LniTest">
    <skipped/>
  </testcase> <!-- verifyDurationEditboxBlankError -->
  <testcase name="verifyLearningNeedDescriptionBlankError" time="0.0" classname="com.lnitest.LniTest">
    <skipped/>
  </testcase> <!-- verifyLearningNeedDescriptionBlankError -->
  <testcase name="verifyLearningTypeBlankError" time="0.0" classname="com.lnitest.LniTest">
    <skipped/>
  </testcase> <!-- verifyLearningTypeBlankError -->
  <testcase name="verifyLniTitleBlankError" time="0.0" classname="com.lnitest.LniTest">
    <skipped/>
  </testcase> <!-- verifyLniTitleBlankError -->
  <testcase name="verifyPeopleEditboxBlankError" time="0.0" classname="com.lnitest.LniTest">
    <skipped/>
  </testcase> <!-- verifyPeopleEditboxBlankError -->
  <testcase name="verifyProjectCodeBlankError" time="0.0" classname="com.lnitest.LniTest">
    <skipped/>
  </testcase> <!-- verifyProjectCodeBlankError -->
  <testcase name="verifyProjectNameBlankError" time="0.0" classname="com.lnitest.LniTest">
    <skipped/>
  </testcase> <!-- verifyProjectNameBlankError -->
  <testcase name="verifySponsorerBlankErr" time="0.0" classname="com.lnitest.LniTest">
    <skipped/>
  </testcase> <!-- verifySponsorerBlankErr -->
  <testcase name="view_Lni_SummaryAndVerify" time="0.0" classname="com.lnitest.LniTest">
    <skipped/>
  </testcase> <!-- view_Lni_SummaryAndVerify -->
</testsuite> <!-- Test -->
