<?xml version="1.0" encoding="UTF-8"?>
<testng-results skipped="0" failed="0" ignored="15" total="16" passed="1">
  <reporter-output>
  </reporter-output>
  <suite name="Suite" duration-ms="21371" started-at="2019-12-27T07:25:32Z" finished-at="2019-12-27T07:25:53Z">
    <groups>
    </groups>
    <test name="Test" duration-ms="21371" started-at="2019-12-27T07:25:32Z" finished-at="2019-12-27T07:25:53Z">
      <class name="com.lnitest.LniTest">
        <test-method status="PASS" signature="openBrowser(java.lang.String)[pri:0, instance:com.lnitest.LniTest@1700915]" name="openBrowser" is-config="true" duration-ms="6962" started-at="2019-12-27T07:25:32Z" finished-at="2019-12-27T07:25:39Z">
          <params>
            <param index="0">
              <value>
                <![CDATA[firefox]]>
              </value>
            </param>
          </params>
          <reporter-output>
          </reporter-output>
        </test-method> <!-- openBrowser -->
        <test-method status="PASS" signature="login()[pri:0, instance:com.lnitest.LniTest@1700915]" name="login" is-config="true" duration-ms="3342" started-at="2019-12-27T07:25:39Z" finished-at="2019-12-27T07:25:42Z">
          <reporter-output>
          </reporter-output>
        </test-method> <!-- login -->
        <test-method status="PASS" signature="AddAndVerifyEligibility()[pri:0, instance:com.lnitest.LniTest@1700915]" name="AddAndVerifyEligibility" duration-ms="4938" started-at="2019-12-27T07:25:42Z" finished-at="2019-12-27T07:25:47Z">
          <reporter-output>
          </reporter-output>
        </test-method> <!-- AddAndVerifyEligibility -->
        <test-method status="PASS" signature="tearDown()[pri:0, instance:com.lnitest.LniTest@1700915]" name="tearDown" is-config="true" duration-ms="1189" started-at="2019-12-27T07:25:47Z" finished-at="2019-12-27T07:25:49Z">
          <reporter-output>
          </reporter-output>
        </test-method> <!-- tearDown -->
        <test-method status="PASS" signature="closeBrowser()[pri:0, instance:com.lnitest.LniTest@1700915]" name="closeBrowser" is-config="true" duration-ms="4908" started-at="2019-12-27T07:25:49Z" finished-at="2019-12-27T07:25:53Z">
          <reporter-output>
          </reporter-output>
        </test-method> <!-- closeBrowser -->
      </class> <!-- com.lnitest.LniTest -->
    </test> <!-- Test -->
  </suite> <!-- Suite -->
</testng-results>
