<?xml version="1.0" encoding="UTF-8"?>
<testng-results skipped="0" failed="0" ignored="1" total="14" passed="13">
  <reporter-output>
  </reporter-output>
  <suite name="Suite" duration-ms="253557" started-at="2019-12-25T14:48:06Z" finished-at="2019-12-25T14:52:19Z">
    <groups>
      <group name="Smoke">
        <method signature="LniTest.submitLniFormAndVerify()[pri:-1, instance:com.lnitest.LniTest@63355449]" name="submitLniFormAndVerify" class="com.lnitest.LniTest"/>
      </group> <!-- Smoke -->
    </groups>
    <test name="Test" duration-ms="253557" started-at="2019-12-25T14:48:06Z" finished-at="2019-12-25T14:52:19Z">
      <class name="com.lnitest.LniTest">
        <test-method status="PASS" signature="openBrowser(java.lang.String)[pri:0, instance:com.lnitest.LniTest@63355449]" name="openBrowser" is-config="true" duration-ms="8042" started-at="2019-12-25T14:48:06Z" finished-at="2019-12-25T14:48:14Z">
          <params>
            <param index="0">
              <value>
                <![CDATA[firefox]]>
              </value>
            </param>
          </params>
          <reporter-output>
          </reporter-output>
        </test-method> <!-- openBrowser -->
        <test-method status="PASS" signature="login()[pri:0, instance:com.lnitest.LniTest@63355449]" name="login" is-config="true" duration-ms="5069" started-at="2019-12-25T14:48:14Z" finished-at="2019-12-25T14:48:19Z">
          <reporter-output>
          </reporter-output>
        </test-method> <!-- login -->
        <test-method status="PASS" signature="submitLniFormAndVerify()[pri:-1, instance:com.lnitest.LniTest@63355449]" name="submitLniFormAndVerify" duration-ms="20528" started-at="2019-12-25T14:48:19Z" finished-at="2019-12-25T14:48:40Z">
          <reporter-output>
          </reporter-output>
        </test-method> <!-- submitLniFormAndVerify -->
        <test-method status="PASS" signature="tearDown()[pri:0, instance:com.lnitest.LniTest@63355449]" name="tearDown" is-config="true" duration-ms="808" started-at="2019-12-25T14:48:40Z" finished-at="2019-12-25T14:48:40Z">
          <reporter-output>
          </reporter-output>
        </test-method> <!-- tearDown -->
        <test-method status="PASS" signature="login()[pri:0, instance:com.lnitest.LniTest@63355449]" name="login" is-config="true" duration-ms="1460" started-at="2019-12-25T14:48:40Z" finished-at="2019-12-25T14:48:42Z">
          <reporter-output>
          </reporter-output>
        </test-method> <!-- login -->
        <test-method status="PASS" signature="checkCurrentExpertiseBlankError()[pri:0, instance:com.lnitest.LniTest@63355449]" name="checkCurrentExpertiseBlankError" duration-ms="17314" started-at="2019-12-25T14:48:42Z" finished-at="2019-12-25T14:48:59Z">
          <reporter-output>
          </reporter-output>
        </test-method> <!-- checkCurrentExpertiseBlankError -->
        <test-method status="PASS" signature="tearDown()[pri:0, instance:com.lnitest.LniTest@63355449]" name="tearDown" is-config="true" duration-ms="593" started-at="2019-12-25T14:48:59Z" finished-at="2019-12-25T14:49:00Z">
          <reporter-output>
          </reporter-output>
        </test-method> <!-- tearDown -->
        <test-method status="PASS" signature="login()[pri:0, instance:com.lnitest.LniTest@63355449]" name="login" is-config="true" duration-ms="1447" started-at="2019-12-25T14:49:00Z" finished-at="2019-12-25T14:49:01Z">
          <reporter-output>
          </reporter-output>
        </test-method> <!-- login -->
        <test-method status="PASS" signature="validateClassificationBlankError()[pri:0, instance:com.lnitest.LniTest@63355449]" name="validateClassificationBlankError" duration-ms="17357" started-at="2019-12-25T14:49:01Z" finished-at="2019-12-25T14:49:18Z">
          <reporter-output>
          </reporter-output>
        </test-method> <!-- validateClassificationBlankError -->
        <test-method status="PASS" signature="tearDown()[pri:0, instance:com.lnitest.LniTest@63355449]" name="tearDown" is-config="true" duration-ms="578" started-at="2019-12-25T14:49:18Z" finished-at="2019-12-25T14:49:19Z">
          <reporter-output>
          </reporter-output>
        </test-method> <!-- tearDown -->
        <test-method status="PASS" signature="login()[pri:0, instance:com.lnitest.LniTest@63355449]" name="login" is-config="true" duration-ms="1258" started-at="2019-12-25T14:49:19Z" finished-at="2019-12-25T14:49:20Z">
          <reporter-output>
          </reporter-output>
        </test-method> <!-- login -->
        <test-method status="PASS" signature="validatePriorityBlankError()[pri:0, instance:com.lnitest.LniTest@63355449]" name="validatePriorityBlankError" duration-ms="17470" started-at="2019-12-25T14:49:20Z" finished-at="2019-12-25T14:49:38Z">
          <reporter-output>
          </reporter-output>
        </test-method> <!-- validatePriorityBlankError -->
        <test-method status="PASS" signature="tearDown()[pri:0, instance:com.lnitest.LniTest@63355449]" name="tearDown" is-config="true" duration-ms="681" started-at="2019-12-25T14:49:38Z" finished-at="2019-12-25T14:49:38Z">
          <reporter-output>
          </reporter-output>
        </test-method> <!-- tearDown -->
        <test-method status="PASS" signature="login()[pri:0, instance:com.lnitest.LniTest@63355449]" name="login" is-config="true" duration-ms="1018" started-at="2019-12-25T14:49:38Z" finished-at="2019-12-25T14:49:40Z">
          <reporter-output>
          </reporter-output>
        </test-method> <!-- login -->
        <test-method status="PASS" signature="verifyDurationEditboxBlankError()[pri:0, instance:com.lnitest.LniTest@63355449]" name="verifyDurationEditboxBlankError" duration-ms="17507" started-at="2019-12-25T14:49:40Z" finished-at="2019-12-25T14:49:57Z">
          <reporter-output>
          </reporter-output>
        </test-method> <!-- verifyDurationEditboxBlankError -->
        <test-method status="PASS" signature="tearDown()[pri:0, instance:com.lnitest.LniTest@63355449]" name="tearDown" is-config="true" duration-ms="641" started-at="2019-12-25T14:49:57Z" finished-at="2019-12-25T14:49:58Z">
          <reporter-output>
          </reporter-output>
        </test-method> <!-- tearDown -->
        <test-method status="PASS" signature="login()[pri:0, instance:com.lnitest.LniTest@63355449]" name="login" is-config="true" duration-ms="1007" started-at="2019-12-25T14:49:58Z" finished-at="2019-12-25T14:49:59Z">
          <reporter-output>
          </reporter-output>
        </test-method> <!-- login -->
        <test-method status="PASS" signature="verifyLearningNeedDescriptionBlankError()[pri:0, instance:com.lnitest.LniTest@63355449]" name="verifyLearningNeedDescriptionBlankError" duration-ms="17731" started-at="2019-12-25T14:49:59Z" finished-at="2019-12-25T14:50:16Z">
          <reporter-output>
          </reporter-output>
        </test-method> <!-- verifyLearningNeedDescriptionBlankError -->
        <test-method status="PASS" signature="tearDown()[pri:0, instance:com.lnitest.LniTest@63355449]" name="tearDown" is-config="true" duration-ms="672" started-at="2019-12-25T14:50:16Z" finished-at="2019-12-25T14:50:17Z">
          <reporter-output>
          </reporter-output>
        </test-method> <!-- tearDown -->
        <test-method status="PASS" signature="login()[pri:0, instance:com.lnitest.LniTest@63355449]" name="login" is-config="true" duration-ms="957" started-at="2019-12-25T14:50:17Z" finished-at="2019-12-25T14:50:18Z">
          <reporter-output>
          </reporter-output>
        </test-method> <!-- login -->
        <test-method status="PASS" signature="verifyLearningTypeBlankError()[pri:0, instance:com.lnitest.LniTest@63355449]" name="verifyLearningTypeBlankError" duration-ms="16431" started-at="2019-12-25T14:50:18Z" finished-at="2019-12-25T14:50:34Z">
          <reporter-output>
          </reporter-output>
        </test-method> <!-- verifyLearningTypeBlankError -->
        <test-method status="PASS" signature="tearDown()[pri:0, instance:com.lnitest.LniTest@63355449]" name="tearDown" is-config="true" duration-ms="610" started-at="2019-12-25T14:50:34Z" finished-at="2019-12-25T14:50:35Z">
          <reporter-output>
          </reporter-output>
        </test-method> <!-- tearDown -->
        <test-method status="PASS" signature="login()[pri:0, instance:com.lnitest.LniTest@63355449]" name="login" is-config="true" duration-ms="864" started-at="2019-12-25T14:50:35Z" finished-at="2019-12-25T14:50:36Z">
          <reporter-output>
          </reporter-output>
        </test-method> <!-- login -->
        <test-method status="PASS" signature="verifyLniTitleBlankError()[pri:0, instance:com.lnitest.LniTest@63355449]" name="verifyLniTitleBlankError" duration-ms="15148" started-at="2019-12-25T14:50:36Z" finished-at="2019-12-25T14:50:51Z">
          <reporter-output>
          </reporter-output>
        </test-method> <!-- verifyLniTitleBlankError -->
        <test-method status="PASS" signature="tearDown()[pri:0, instance:com.lnitest.LniTest@63355449]" name="tearDown" is-config="true" duration-ms="624" started-at="2019-12-25T14:50:51Z" finished-at="2019-12-25T14:50:52Z">
          <reporter-output>
          </reporter-output>
        </test-method> <!-- tearDown -->
        <test-method status="PASS" signature="login()[pri:0, instance:com.lnitest.LniTest@63355449]" name="login" is-config="true" duration-ms="1055" started-at="2019-12-25T14:50:52Z" finished-at="2019-12-25T14:50:53Z">
          <reporter-output>
          </reporter-output>
        </test-method> <!-- login -->
        <test-method status="PASS" signature="verifyPeopleEditboxBlankError()[pri:0, instance:com.lnitest.LniTest@63355449]" name="verifyPeopleEditboxBlankError" duration-ms="17391" started-at="2019-12-25T14:50:53Z" finished-at="2019-12-25T14:51:10Z">
          <reporter-output>
          </reporter-output>
        </test-method> <!-- verifyPeopleEditboxBlankError -->
        <test-method status="PASS" signature="tearDown()[pri:0, instance:com.lnitest.LniTest@63355449]" name="tearDown" is-config="true" duration-ms="593" started-at="2019-12-25T14:51:10Z" finished-at="2019-12-25T14:51:11Z">
          <reporter-output>
          </reporter-output>
        </test-method> <!-- tearDown -->
        <test-method status="PASS" signature="login()[pri:0, instance:com.lnitest.LniTest@63355449]" name="login" is-config="true" duration-ms="1091" started-at="2019-12-25T14:51:11Z" finished-at="2019-12-25T14:51:12Z">
          <reporter-output>
          </reporter-output>
        </test-method> <!-- login -->
        <test-method status="PASS" signature="verifyProjectCodeBlankError()[pri:0, instance:com.lnitest.LniTest@63355449]" name="verifyProjectCodeBlankError" duration-ms="17644" started-at="2019-12-25T14:51:12Z" finished-at="2019-12-25T14:51:29Z">
          <reporter-output>
          </reporter-output>
        </test-method> <!-- verifyProjectCodeBlankError -->
        <test-method status="PASS" signature="tearDown()[pri:0, instance:com.lnitest.LniTest@63355449]" name="tearDown" is-config="true" duration-ms="625" started-at="2019-12-25T14:51:29Z" finished-at="2019-12-25T14:51:30Z">
          <reporter-output>
          </reporter-output>
        </test-method> <!-- tearDown -->
        <test-method status="PASS" signature="login()[pri:0, instance:com.lnitest.LniTest@63355449]" name="login" is-config="true" duration-ms="1458" started-at="2019-12-25T14:51:30Z" finished-at="2019-12-25T14:51:32Z">
          <reporter-output>
          </reporter-output>
        </test-method> <!-- login -->
        <test-method status="PASS" signature="verifyProjectNameBlankError()[pri:0, instance:com.lnitest.LniTest@63355449]" name="verifyProjectNameBlankError" duration-ms="15324" started-at="2019-12-25T14:51:32Z" finished-at="2019-12-25T14:51:47Z">
          <reporter-output>
          </reporter-output>
        </test-method> <!-- verifyProjectNameBlankError -->
        <test-method status="PASS" signature="tearDown()[pri:0, instance:com.lnitest.LniTest@63355449]" name="tearDown" is-config="true" duration-ms="672" started-at="2019-12-25T14:51:47Z" finished-at="2019-12-25T14:51:48Z">
          <reporter-output>
          </reporter-output>
        </test-method> <!-- tearDown -->
        <test-method status="PASS" signature="login()[pri:0, instance:com.lnitest.LniTest@63355449]" name="login" is-config="true" duration-ms="1257" started-at="2019-12-25T14:51:48Z" finished-at="2019-12-25T14:51:49Z">
          <reporter-output>
          </reporter-output>
        </test-method> <!-- login -->
        <test-method status="PASS" signature="verifySponsorerBlankErr()[pri:0, instance:com.lnitest.LniTest@63355449]" name="verifySponsorerBlankErr" duration-ms="17628" started-at="2019-12-25T14:51:49Z" finished-at="2019-12-25T14:52:06Z">
          <reporter-output>
          </reporter-output>
        </test-method> <!-- verifySponsorerBlankErr -->
        <test-method status="PASS" signature="tearDown()[pri:0, instance:com.lnitest.LniTest@63355449]" name="tearDown" is-config="true" duration-ms="640" started-at="2019-12-25T14:52:06Z" finished-at="2019-12-25T14:52:07Z">
          <reporter-output>
          </reporter-output>
        </test-method> <!-- tearDown -->
        <test-method status="PASS" signature="login()[pri:0, instance:com.lnitest.LniTest@63355449]" name="login" is-config="true" duration-ms="1257" started-at="2019-12-25T14:52:07Z" finished-at="2019-12-25T14:52:08Z">
          <reporter-output>
          </reporter-output>
        </test-method> <!-- login -->
        <test-method status="PASS" signature="view_Lni_SummaryAndVerify()[pri:0, instance:com.lnitest.LniTest@63355449]" name="view_Lni_SummaryAndVerify" duration-ms="8883" started-at="2019-12-25T14:52:08Z" finished-at="2019-12-25T14:52:17Z">
          <reporter-output>
          </reporter-output>
        </test-method> <!-- view_Lni_SummaryAndVerify -->
        <test-method status="PASS" signature="tearDown()[pri:0, instance:com.lnitest.LniTest@63355449]" name="tearDown" is-config="true" duration-ms="516" started-at="2019-12-25T14:52:17Z" finished-at="2019-12-25T14:52:18Z">
          <reporter-output>
          </reporter-output>
        </test-method> <!-- tearDown -->
        <test-method status="PASS" signature="closeBrowser()[pri:0, instance:com.lnitest.LniTest@63355449]" name="closeBrowser" is-config="true" duration-ms="1687" started-at="2019-12-25T14:52:18Z" finished-at="2019-12-25T14:52:19Z">
          <reporter-output>
          </reporter-output>
        </test-method> <!-- closeBrowser -->
      </class> <!-- com.lnitest.LniTest -->
    </test> <!-- Test -->
  </suite> <!-- Suite -->
</testng-results>
